[2025-06-09T11:50:50.442+0000] {processor.py:156} INFO - Started process (PID=163) to work on /opt/airflow/dags/cdc_pipeline_dag.py
[2025-06-09T11:50:50.447+0000] {processor.py:799} INFO - Processing file /opt/airflow/dags/cdc_pipeline_dag.py for tasks to queue
[2025-06-09T11:50:50.450+0000] {logging_mixin.py:149} INFO - [2025-06-09T11:50:50.450+0000] {dagbag.py:541} INFO - Filling up the DagBag from /opt/airflow/dags/cdc_pipeline_dag.py
[2025-06-09T11:50:50.476+0000] {logging_mixin.py:149} INFO - [2025-06-09T11:50:50.467+0000] {dagbag.py:350} ERROR - Failed to import: /opt/airflow/dags/cdc_pipeline_dag.py
Traceback (most recent call last):
  File "/home/airflow/.local/lib/python3.7/site-packages/airflow/models/dagbag.py", line 346, in parse
    loader.exec_module(new_module)
  File "<frozen importlib._bootstrap_external>", line 728, in exec_module
  File "<frozen importlib._bootstrap>", line 219, in _call_with_frames_removed
  File "/opt/airflow/dags/cdc_pipeline_dag.py", line 6, in <module>
    from airflow.providers.http.operators.http import HttpOperator
ImportError: cannot import name 'HttpOperator' from 'airflow.providers.http.operators.http' (/home/airflow/.local/lib/python3.7/site-packages/airflow/providers/http/operators/http.py)
[2025-06-09T11:50:50.478+0000] {processor.py:811} WARNING - No viable dags retrieved from /opt/airflow/dags/cdc_pipeline_dag.py
[2025-06-09T11:50:50.572+0000] {processor.py:178} INFO - Processing /opt/airflow/dags/cdc_pipeline_dag.py took 0.176 seconds
[2025-06-09T11:51:21.642+0000] {processor.py:156} INFO - Started process (PID=168) to work on /opt/airflow/dags/cdc_pipeline_dag.py
[2025-06-09T11:51:21.645+0000] {processor.py:799} INFO - Processing file /opt/airflow/dags/cdc_pipeline_dag.py for tasks to queue
[2025-06-09T11:51:21.647+0000] {logging_mixin.py:149} INFO - [2025-06-09T11:51:21.647+0000] {dagbag.py:541} INFO - Filling up the DagBag from /opt/airflow/dags/cdc_pipeline_dag.py
[2025-06-09T11:51:21.681+0000] {logging_mixin.py:149} INFO - [2025-06-09T11:51:21.673+0000] {dagbag.py:350} ERROR - Failed to import: /opt/airflow/dags/cdc_pipeline_dag.py
Traceback (most recent call last):
  File "/home/airflow/.local/lib/python3.7/site-packages/airflow/models/dagbag.py", line 346, in parse
    loader.exec_module(new_module)
  File "<frozen importlib._bootstrap_external>", line 728, in exec_module
  File "<frozen importlib._bootstrap>", line 219, in _call_with_frames_removed
  File "/opt/airflow/dags/cdc_pipeline_dag.py", line 6, in <module>
    from airflow.providers.http.operators.http import HttpOperator
ImportError: cannot import name 'HttpOperator' from 'airflow.providers.http.operators.http' (/home/airflow/.local/lib/python3.7/site-packages/airflow/providers/http/operators/http.py)
[2025-06-09T11:51:21.683+0000] {processor.py:811} WARNING - No viable dags retrieved from /opt/airflow/dags/cdc_pipeline_dag.py
[2025-06-09T11:51:21.764+0000] {processor.py:178} INFO - Processing /opt/airflow/dags/cdc_pipeline_dag.py took 0.129 seconds
[2025-06-09T11:51:52.135+0000] {processor.py:156} INFO - Started process (PID=173) to work on /opt/airflow/dags/cdc_pipeline_dag.py
[2025-06-09T11:51:52.136+0000] {processor.py:799} INFO - Processing file /opt/airflow/dags/cdc_pipeline_dag.py for tasks to queue
[2025-06-09T11:51:52.137+0000] {logging_mixin.py:149} INFO - [2025-06-09T11:51:52.136+0000] {dagbag.py:541} INFO - Filling up the DagBag from /opt/airflow/dags/cdc_pipeline_dag.py
[2025-06-09T11:51:52.146+0000] {logging_mixin.py:149} INFO - [2025-06-09T11:51:52.142+0000] {dagbag.py:350} ERROR - Failed to import: /opt/airflow/dags/cdc_pipeline_dag.py
Traceback (most recent call last):
  File "/home/airflow/.local/lib/python3.7/site-packages/airflow/models/dagbag.py", line 346, in parse
    loader.exec_module(new_module)
  File "<frozen importlib._bootstrap_external>", line 728, in exec_module
  File "<frozen importlib._bootstrap>", line 219, in _call_with_frames_removed
  File "/opt/airflow/dags/cdc_pipeline_dag.py", line 6, in <module>
    from airflow.providers.http.operators.http import HttpOperator
ImportError: cannot import name 'HttpOperator' from 'airflow.providers.http.operators.http' (/home/airflow/.local/lib/python3.7/site-packages/airflow/providers/http/operators/http.py)
[2025-06-09T11:51:52.146+0000] {processor.py:811} WARNING - No viable dags retrieved from /opt/airflow/dags/cdc_pipeline_dag.py
[2025-06-09T11:51:52.196+0000] {processor.py:178} INFO - Processing /opt/airflow/dags/cdc_pipeline_dag.py took 0.068 seconds
[2025-06-09T11:52:22.428+0000] {processor.py:156} INFO - Started process (PID=178) to work on /opt/airflow/dags/cdc_pipeline_dag.py
[2025-06-09T11:52:22.429+0000] {processor.py:799} INFO - Processing file /opt/airflow/dags/cdc_pipeline_dag.py for tasks to queue
[2025-06-09T11:52:22.429+0000] {logging_mixin.py:149} INFO - [2025-06-09T11:52:22.429+0000] {dagbag.py:541} INFO - Filling up the DagBag from /opt/airflow/dags/cdc_pipeline_dag.py
[2025-06-09T11:52:22.434+0000] {logging_mixin.py:149} INFO - [2025-06-09T11:52:22.432+0000] {dagbag.py:350} ERROR - Failed to import: /opt/airflow/dags/cdc_pipeline_dag.py
Traceback (most recent call last):
  File "/home/airflow/.local/lib/python3.7/site-packages/airflow/models/dagbag.py", line 346, in parse
    loader.exec_module(new_module)
  File "<frozen importlib._bootstrap_external>", line 728, in exec_module
  File "<frozen importlib._bootstrap>", line 219, in _call_with_frames_removed
  File "/opt/airflow/dags/cdc_pipeline_dag.py", line 6, in <module>
    from airflow.providers.http.operators.http import HttpOperator
ImportError: cannot import name 'HttpOperator' from 'airflow.providers.http.operators.http' (/home/airflow/.local/lib/python3.7/site-packages/airflow/providers/http/operators/http.py)
[2025-06-09T11:52:22.434+0000] {processor.py:811} WARNING - No viable dags retrieved from /opt/airflow/dags/cdc_pipeline_dag.py
[2025-06-09T11:52:22.458+0000] {processor.py:178} INFO - Processing /opt/airflow/dags/cdc_pipeline_dag.py took 0.034 seconds
[2025-06-09T11:52:52.855+0000] {processor.py:156} INFO - Started process (PID=183) to work on /opt/airflow/dags/cdc_pipeline_dag.py
[2025-06-09T11:52:52.856+0000] {processor.py:799} INFO - Processing file /opt/airflow/dags/cdc_pipeline_dag.py for tasks to queue
[2025-06-09T11:52:52.857+0000] {logging_mixin.py:149} INFO - [2025-06-09T11:52:52.857+0000] {dagbag.py:541} INFO - Filling up the DagBag from /opt/airflow/dags/cdc_pipeline_dag.py
[2025-06-09T11:52:52.864+0000] {logging_mixin.py:149} INFO - [2025-06-09T11:52:52.861+0000] {dagbag.py:350} ERROR - Failed to import: /opt/airflow/dags/cdc_pipeline_dag.py
Traceback (most recent call last):
  File "/home/airflow/.local/lib/python3.7/site-packages/airflow/models/dagbag.py", line 346, in parse
    loader.exec_module(new_module)
  File "<frozen importlib._bootstrap_external>", line 728, in exec_module
  File "<frozen importlib._bootstrap>", line 219, in _call_with_frames_removed
  File "/opt/airflow/dags/cdc_pipeline_dag.py", line 6, in <module>
    from airflow.providers.http.operators.http import HttpOperator
ImportError: cannot import name 'HttpOperator' from 'airflow.providers.http.operators.http' (/home/airflow/.local/lib/python3.7/site-packages/airflow/providers/http/operators/http.py)
[2025-06-09T11:52:52.864+0000] {processor.py:811} WARNING - No viable dags retrieved from /opt/airflow/dags/cdc_pipeline_dag.py
[2025-06-09T11:52:52.926+0000] {processor.py:178} INFO - Processing /opt/airflow/dags/cdc_pipeline_dag.py took 0.078 seconds
[2025-06-09T11:53:23.919+0000] {processor.py:156} INFO - Started process (PID=188) to work on /opt/airflow/dags/cdc_pipeline_dag.py
[2025-06-09T11:53:23.920+0000] {processor.py:799} INFO - Processing file /opt/airflow/dags/cdc_pipeline_dag.py for tasks to queue
[2025-06-09T11:53:23.921+0000] {logging_mixin.py:149} INFO - [2025-06-09T11:53:23.921+0000] {dagbag.py:541} INFO - Filling up the DagBag from /opt/airflow/dags/cdc_pipeline_dag.py
[2025-06-09T11:53:23.926+0000] {logging_mixin.py:149} INFO - [2025-06-09T11:53:23.923+0000] {dagbag.py:350} ERROR - Failed to import: /opt/airflow/dags/cdc_pipeline_dag.py
Traceback (most recent call last):
  File "/home/airflow/.local/lib/python3.7/site-packages/airflow/models/dagbag.py", line 346, in parse
    loader.exec_module(new_module)
  File "<frozen importlib._bootstrap_external>", line 728, in exec_module
  File "<frozen importlib._bootstrap>", line 219, in _call_with_frames_removed
  File "/opt/airflow/dags/cdc_pipeline_dag.py", line 6, in <module>
    from airflow.providers.http.operators.http import HttpOperator
ImportError: cannot import name 'HttpOperator' from 'airflow.providers.http.operators.http' (/home/airflow/.local/lib/python3.7/site-packages/airflow/providers/http/operators/http.py)
[2025-06-09T11:53:23.926+0000] {processor.py:811} WARNING - No viable dags retrieved from /opt/airflow/dags/cdc_pipeline_dag.py
[2025-06-09T11:53:23.972+0000] {processor.py:178} INFO - Processing /opt/airflow/dags/cdc_pipeline_dag.py took 0.059 seconds
[2025-06-09T11:53:54.286+0000] {processor.py:156} INFO - Started process (PID=193) to work on /opt/airflow/dags/cdc_pipeline_dag.py
[2025-06-09T11:53:54.287+0000] {processor.py:799} INFO - Processing file /opt/airflow/dags/cdc_pipeline_dag.py for tasks to queue
[2025-06-09T11:53:54.288+0000] {logging_mixin.py:149} INFO - [2025-06-09T11:53:54.288+0000] {dagbag.py:541} INFO - Filling up the DagBag from /opt/airflow/dags/cdc_pipeline_dag.py
[2025-06-09T11:53:54.307+0000] {logging_mixin.py:149} INFO - [2025-06-09T11:53:54.302+0000] {dagbag.py:350} ERROR - Failed to import: /opt/airflow/dags/cdc_pipeline_dag.py
Traceback (most recent call last):
  File "/home/airflow/.local/lib/python3.7/site-packages/airflow/models/dagbag.py", line 346, in parse
    loader.exec_module(new_module)
  File "<frozen importlib._bootstrap_external>", line 728, in exec_module
  File "<frozen importlib._bootstrap>", line 219, in _call_with_frames_removed
  File "/opt/airflow/dags/cdc_pipeline_dag.py", line 6, in <module>
    from airflow.providers.http.operators.http import HttpOperator
ImportError: cannot import name 'HttpOperator' from 'airflow.providers.http.operators.http' (/home/airflow/.local/lib/python3.7/site-packages/airflow/providers/http/operators/http.py)
[2025-06-09T11:53:54.308+0000] {processor.py:811} WARNING - No viable dags retrieved from /opt/airflow/dags/cdc_pipeline_dag.py
[2025-06-09T11:53:54.356+0000] {processor.py:178} INFO - Processing /opt/airflow/dags/cdc_pipeline_dag.py took 0.074 seconds
[2025-06-09T11:54:24.658+0000] {processor.py:156} INFO - Started process (PID=198) to work on /opt/airflow/dags/cdc_pipeline_dag.py
[2025-06-09T11:54:24.659+0000] {processor.py:799} INFO - Processing file /opt/airflow/dags/cdc_pipeline_dag.py for tasks to queue
[2025-06-09T11:54:24.660+0000] {logging_mixin.py:149} INFO - [2025-06-09T11:54:24.660+0000] {dagbag.py:541} INFO - Filling up the DagBag from /opt/airflow/dags/cdc_pipeline_dag.py
[2025-06-09T11:54:24.674+0000] {logging_mixin.py:149} INFO - [2025-06-09T11:54:24.670+0000] {dagbag.py:350} ERROR - Failed to import: /opt/airflow/dags/cdc_pipeline_dag.py
Traceback (most recent call last):
  File "/home/airflow/.local/lib/python3.7/site-packages/airflow/models/dagbag.py", line 346, in parse
    loader.exec_module(new_module)
  File "<frozen importlib._bootstrap_external>", line 728, in exec_module
  File "<frozen importlib._bootstrap>", line 219, in _call_with_frames_removed
  File "/opt/airflow/dags/cdc_pipeline_dag.py", line 6, in <module>
    from airflow.providers.http.operators.http import HttpOperator
ImportError: cannot import name 'HttpOperator' from 'airflow.providers.http.operators.http' (/home/airflow/.local/lib/python3.7/site-packages/airflow/providers/http/operators/http.py)
[2025-06-09T11:54:24.675+0000] {processor.py:811} WARNING - No viable dags retrieved from /opt/airflow/dags/cdc_pipeline_dag.py
[2025-06-09T11:54:24.721+0000] {processor.py:178} INFO - Processing /opt/airflow/dags/cdc_pipeline_dag.py took 0.068 seconds
[2025-06-09T11:54:55.113+0000] {processor.py:156} INFO - Started process (PID=203) to work on /opt/airflow/dags/cdc_pipeline_dag.py
[2025-06-09T11:54:55.114+0000] {processor.py:799} INFO - Processing file /opt/airflow/dags/cdc_pipeline_dag.py for tasks to queue
[2025-06-09T11:54:55.115+0000] {logging_mixin.py:149} INFO - [2025-06-09T11:54:55.115+0000] {dagbag.py:541} INFO - Filling up the DagBag from /opt/airflow/dags/cdc_pipeline_dag.py
[2025-06-09T11:54:55.121+0000] {logging_mixin.py:149} INFO - [2025-06-09T11:54:55.119+0000] {dagbag.py:350} ERROR - Failed to import: /opt/airflow/dags/cdc_pipeline_dag.py
Traceback (most recent call last):
  File "/home/airflow/.local/lib/python3.7/site-packages/airflow/models/dagbag.py", line 346, in parse
    loader.exec_module(new_module)
  File "<frozen importlib._bootstrap_external>", line 728, in exec_module
  File "<frozen importlib._bootstrap>", line 219, in _call_with_frames_removed
  File "/opt/airflow/dags/cdc_pipeline_dag.py", line 6, in <module>
    from airflow.providers.http.operators.http import HttpOperator
ImportError: cannot import name 'HttpOperator' from 'airflow.providers.http.operators.http' (/home/airflow/.local/lib/python3.7/site-packages/airflow/providers/http/operators/http.py)
[2025-06-09T11:54:55.122+0000] {processor.py:811} WARNING - No viable dags retrieved from /opt/airflow/dags/cdc_pipeline_dag.py
[2025-06-09T11:54:55.165+0000] {processor.py:178} INFO - Processing /opt/airflow/dags/cdc_pipeline_dag.py took 0.056 seconds
[2025-06-09T11:55:25.641+0000] {processor.py:156} INFO - Started process (PID=208) to work on /opt/airflow/dags/cdc_pipeline_dag.py
[2025-06-09T11:55:25.642+0000] {processor.py:799} INFO - Processing file /opt/airflow/dags/cdc_pipeline_dag.py for tasks to queue
[2025-06-09T11:55:25.643+0000] {logging_mixin.py:149} INFO - [2025-06-09T11:55:25.643+0000] {dagbag.py:541} INFO - Filling up the DagBag from /opt/airflow/dags/cdc_pipeline_dag.py
[2025-06-09T11:55:25.647+0000] {logging_mixin.py:149} INFO - [2025-06-09T11:55:25.646+0000] {dagbag.py:350} ERROR - Failed to import: /opt/airflow/dags/cdc_pipeline_dag.py
Traceback (most recent call last):
  File "/home/airflow/.local/lib/python3.7/site-packages/airflow/models/dagbag.py", line 346, in parse
    loader.exec_module(new_module)
  File "<frozen importlib._bootstrap_external>", line 728, in exec_module
  File "<frozen importlib._bootstrap>", line 219, in _call_with_frames_removed
  File "/opt/airflow/dags/cdc_pipeline_dag.py", line 6, in <module>
    from airflow.providers.http.operators.http import HttpOperator
ImportError: cannot import name 'HttpOperator' from 'airflow.providers.http.operators.http' (/home/airflow/.local/lib/python3.7/site-packages/airflow/providers/http/operators/http.py)
[2025-06-09T11:55:25.648+0000] {processor.py:811} WARNING - No viable dags retrieved from /opt/airflow/dags/cdc_pipeline_dag.py
[2025-06-09T11:55:25.674+0000] {processor.py:178} INFO - Processing /opt/airflow/dags/cdc_pipeline_dag.py took 0.040 seconds
[2025-06-09T11:55:56.065+0000] {processor.py:156} INFO - Started process (PID=213) to work on /opt/airflow/dags/cdc_pipeline_dag.py
[2025-06-09T11:55:56.067+0000] {processor.py:799} INFO - Processing file /opt/airflow/dags/cdc_pipeline_dag.py for tasks to queue
[2025-06-09T11:55:56.068+0000] {logging_mixin.py:149} INFO - [2025-06-09T11:55:56.067+0000] {dagbag.py:541} INFO - Filling up the DagBag from /opt/airflow/dags/cdc_pipeline_dag.py
[2025-06-09T11:55:56.073+0000] {logging_mixin.py:149} INFO - [2025-06-09T11:55:56.071+0000] {dagbag.py:350} ERROR - Failed to import: /opt/airflow/dags/cdc_pipeline_dag.py
Traceback (most recent call last):
  File "/home/airflow/.local/lib/python3.7/site-packages/airflow/models/dagbag.py", line 346, in parse
    loader.exec_module(new_module)
  File "<frozen importlib._bootstrap_external>", line 728, in exec_module
  File "<frozen importlib._bootstrap>", line 219, in _call_with_frames_removed
  File "/opt/airflow/dags/cdc_pipeline_dag.py", line 6, in <module>
    from airflow.providers.http.operators.http import HttpOperator
ImportError: cannot import name 'HttpOperator' from 'airflow.providers.http.operators.http' (/home/airflow/.local/lib/python3.7/site-packages/airflow/providers/http/operators/http.py)
[2025-06-09T11:55:56.074+0000] {processor.py:811} WARNING - No viable dags retrieved from /opt/airflow/dags/cdc_pipeline_dag.py
[2025-06-09T11:55:56.109+0000] {processor.py:178} INFO - Processing /opt/airflow/dags/cdc_pipeline_dag.py took 0.051 seconds
[2025-06-09T11:56:26.507+0000] {processor.py:156} INFO - Started process (PID=218) to work on /opt/airflow/dags/cdc_pipeline_dag.py
[2025-06-09T11:56:26.509+0000] {processor.py:799} INFO - Processing file /opt/airflow/dags/cdc_pipeline_dag.py for tasks to queue
[2025-06-09T11:56:26.510+0000] {logging_mixin.py:149} INFO - [2025-06-09T11:56:26.510+0000] {dagbag.py:541} INFO - Filling up the DagBag from /opt/airflow/dags/cdc_pipeline_dag.py
[2025-06-09T11:56:26.515+0000] {logging_mixin.py:149} INFO - [2025-06-09T11:56:26.513+0000] {dagbag.py:350} ERROR - Failed to import: /opt/airflow/dags/cdc_pipeline_dag.py
Traceback (most recent call last):
  File "/home/airflow/.local/lib/python3.7/site-packages/airflow/models/dagbag.py", line 346, in parse
    loader.exec_module(new_module)
  File "<frozen importlib._bootstrap_external>", line 728, in exec_module
  File "<frozen importlib._bootstrap>", line 219, in _call_with_frames_removed
  File "/opt/airflow/dags/cdc_pipeline_dag.py", line 6, in <module>
    from airflow.providers.http.operators.http import HttpOperator
ImportError: cannot import name 'HttpOperator' from 'airflow.providers.http.operators.http' (/home/airflow/.local/lib/python3.7/site-packages/airflow/providers/http/operators/http.py)
[2025-06-09T11:56:26.516+0000] {processor.py:811} WARNING - No viable dags retrieved from /opt/airflow/dags/cdc_pipeline_dag.py
[2025-06-09T11:56:26.576+0000] {processor.py:178} INFO - Processing /opt/airflow/dags/cdc_pipeline_dag.py took 0.075 seconds
[2025-06-09T11:56:56.901+0000] {processor.py:156} INFO - Started process (PID=223) to work on /opt/airflow/dags/cdc_pipeline_dag.py
[2025-06-09T11:56:56.902+0000] {processor.py:799} INFO - Processing file /opt/airflow/dags/cdc_pipeline_dag.py for tasks to queue
[2025-06-09T11:56:56.903+0000] {logging_mixin.py:149} INFO - [2025-06-09T11:56:56.903+0000] {dagbag.py:541} INFO - Filling up the DagBag from /opt/airflow/dags/cdc_pipeline_dag.py
[2025-06-09T11:56:56.911+0000] {logging_mixin.py:149} INFO - [2025-06-09T11:56:56.908+0000] {dagbag.py:350} ERROR - Failed to import: /opt/airflow/dags/cdc_pipeline_dag.py
Traceback (most recent call last):
  File "/home/airflow/.local/lib/python3.7/site-packages/airflow/models/dagbag.py", line 346, in parse
    loader.exec_module(new_module)
  File "<frozen importlib._bootstrap_external>", line 728, in exec_module
  File "<frozen importlib._bootstrap>", line 219, in _call_with_frames_removed
  File "/opt/airflow/dags/cdc_pipeline_dag.py", line 6, in <module>
    from airflow.providers.http.operators.http import HttpOperator
ImportError: cannot import name 'HttpOperator' from 'airflow.providers.http.operators.http' (/home/airflow/.local/lib/python3.7/site-packages/airflow/providers/http/operators/http.py)
[2025-06-09T11:56:56.911+0000] {processor.py:811} WARNING - No viable dags retrieved from /opt/airflow/dags/cdc_pipeline_dag.py
[2025-06-09T11:56:56.958+0000] {processor.py:178} INFO - Processing /opt/airflow/dags/cdc_pipeline_dag.py took 0.062 seconds
[2025-06-09T11:57:27.333+0000] {processor.py:156} INFO - Started process (PID=228) to work on /opt/airflow/dags/cdc_pipeline_dag.py
[2025-06-09T11:57:27.334+0000] {processor.py:799} INFO - Processing file /opt/airflow/dags/cdc_pipeline_dag.py for tasks to queue
[2025-06-09T11:57:27.335+0000] {logging_mixin.py:149} INFO - [2025-06-09T11:57:27.335+0000] {dagbag.py:541} INFO - Filling up the DagBag from /opt/airflow/dags/cdc_pipeline_dag.py
[2025-06-09T11:57:27.340+0000] {logging_mixin.py:149} INFO - [2025-06-09T11:57:27.338+0000] {dagbag.py:350} ERROR - Failed to import: /opt/airflow/dags/cdc_pipeline_dag.py
Traceback (most recent call last):
  File "/home/airflow/.local/lib/python3.7/site-packages/airflow/models/dagbag.py", line 346, in parse
    loader.exec_module(new_module)
  File "<frozen importlib._bootstrap_external>", line 728, in exec_module
  File "<frozen importlib._bootstrap>", line 219, in _call_with_frames_removed
  File "/opt/airflow/dags/cdc_pipeline_dag.py", line 6, in <module>
    from airflow.providers.http.operators.http import HttpOperator
ImportError: cannot import name 'HttpOperator' from 'airflow.providers.http.operators.http' (/home/airflow/.local/lib/python3.7/site-packages/airflow/providers/http/operators/http.py)
[2025-06-09T11:57:27.340+0000] {processor.py:811} WARNING - No viable dags retrieved from /opt/airflow/dags/cdc_pipeline_dag.py
[2025-06-09T11:57:27.369+0000] {processor.py:178} INFO - Processing /opt/airflow/dags/cdc_pipeline_dag.py took 0.055 seconds
[2025-06-09T11:57:57.646+0000] {processor.py:156} INFO - Started process (PID=233) to work on /opt/airflow/dags/cdc_pipeline_dag.py
[2025-06-09T11:57:57.647+0000] {processor.py:799} INFO - Processing file /opt/airflow/dags/cdc_pipeline_dag.py for tasks to queue
[2025-06-09T11:57:57.648+0000] {logging_mixin.py:149} INFO - [2025-06-09T11:57:57.648+0000] {dagbag.py:541} INFO - Filling up the DagBag from /opt/airflow/dags/cdc_pipeline_dag.py
[2025-06-09T11:57:57.658+0000] {logging_mixin.py:149} INFO - [2025-06-09T11:57:57.654+0000] {dagbag.py:350} ERROR - Failed to import: /opt/airflow/dags/cdc_pipeline_dag.py
Traceback (most recent call last):
  File "/home/airflow/.local/lib/python3.7/site-packages/airflow/models/dagbag.py", line 346, in parse
    loader.exec_module(new_module)
  File "<frozen importlib._bootstrap_external>", line 728, in exec_module
  File "<frozen importlib._bootstrap>", line 219, in _call_with_frames_removed
  File "/opt/airflow/dags/cdc_pipeline_dag.py", line 6, in <module>
    from airflow.providers.http.operators.http import HttpOperator
ImportError: cannot import name 'HttpOperator' from 'airflow.providers.http.operators.http' (/home/airflow/.local/lib/python3.7/site-packages/airflow/providers/http/operators/http.py)
[2025-06-09T11:57:57.658+0000] {processor.py:811} WARNING - No viable dags retrieved from /opt/airflow/dags/cdc_pipeline_dag.py
[2025-06-09T11:57:57.709+0000] {processor.py:178} INFO - Processing /opt/airflow/dags/cdc_pipeline_dag.py took 0.070 seconds
