[2025-01-16T03:50:27.071+0000] {manager.py:487} INFO - Processing files using up to 2 processes at a time 
[2025-01-16T03:50:27.071+0000] {manager.py:488} INFO - Process each file at most once every 30 seconds
[2025-01-16T03:50:27.071+0000] {manager.py:490} INFO - Checking for new files in /opt/airflow/dags every 300 seconds
[2025-01-16T03:50:27.072+0000] {manager.py:758} INFO - Searching for files in /opt/airflow/dags
[2025-01-16T03:50:27.075+0000] {manager.py:761} INFO - There are 0 files in /opt/airflow/dags
[2025-01-16T03:53:07.100+0000] {manager.py:470} INFO - Exiting gracefully upon receiving signal 15
[2025-01-16T04:00:21.146+0000] {manager.py:487} INFO - Processing files using up to 2 processes at a time 
[2025-01-16T04:00:21.150+0000] {manager.py:488} INFO - Process each file at most once every 30 seconds
[2025-01-16T04:00:21.150+0000] {manager.py:490} INFO - Checking for new files in /opt/airflow/dags every 300 seconds
[2025-01-16T04:00:21.151+0000] {manager.py:758} INFO - Searching for files in /opt/airflow/dags
[2025-01-16T04:00:21.156+0000] {manager.py:761} INFO - There are 0 files in /opt/airflow/dags
[2025-01-16T04:02:17.803+0000] {manager.py:470} INFO - Exiting gracefully upon receiving signal 15
[2025-01-16T04:03:52.342+0000] {manager.py:487} INFO - Processing files using up to 2 processes at a time 
[2025-01-16T04:03:52.346+0000] {manager.py:488} INFO - Process each file at most once every 30 seconds
[2025-01-16T04:03:52.350+0000] {manager.py:490} INFO - Checking for new files in /opt/airflow/dags every 300 seconds
[2025-01-16T04:03:52.353+0000] {manager.py:758} INFO - Searching for files in /opt/airflow/dags
[2025-01-16T04:03:52.361+0000] {manager.py:761} INFO - There are 0 files in /opt/airflow/dags
[2025-01-16T04:04:49.109+0000] {manager.py:470} INFO - Exiting gracefully upon receiving signal 15
[2025-01-16T04:05:55.367+0000] {manager.py:487} INFO - Processing files using up to 2 processes at a time 
[2025-01-16T04:05:55.379+0000] {manager.py:488} INFO - Process each file at most once every 30 seconds
[2025-01-16T04:05:55.381+0000] {manager.py:490} INFO - Checking for new files in /opt/airflow/dags every 300 seconds
[2025-01-16T04:05:55.383+0000] {manager.py:758} INFO - Searching for files in /opt/airflow/dags
[2025-01-16T04:05:55.452+0000] {manager.py:761} INFO - There are 0 files in /opt/airflow/dags
[2025-01-16T04:06:34.156+0000] {manager.py:470} INFO - Exiting gracefully upon receiving signal 15
[2025-01-16T04:07:32.919+0000] {manager.py:487} INFO - Processing files using up to 2 processes at a time 
[2025-01-16T04:07:32.921+0000] {manager.py:488} INFO - Process each file at most once every 30 seconds
[2025-01-16T04:07:32.925+0000] {manager.py:490} INFO - Checking for new files in /opt/airflow/dags every 300 seconds
[2025-01-16T04:07:32.931+0000] {manager.py:758} INFO - Searching for files in /opt/airflow/dags
[2025-01-16T04:07:32.953+0000] {manager.py:761} INFO - There are 0 files in /opt/airflow/dags
[2025-01-16T04:10:15.526+0000] {manager.py:470} INFO - Exiting gracefully upon receiving signal 15
[2025-01-16T04:11:47.994+0000] {manager.py:487} INFO - Processing files using up to 2 processes at a time 
[2025-01-16T04:11:47.998+0000] {manager.py:488} INFO - Process each file at most once every 30 seconds
[2025-01-16T04:11:47.999+0000] {manager.py:490} INFO - Checking for new files in /opt/airflow/dags every 300 seconds
[2025-01-16T04:11:47.999+0000] {manager.py:758} INFO - Searching for files in /opt/airflow/dags
[2025-01-16T04:11:48.018+0000] {manager.py:761} INFO - There are 0 files in /opt/airflow/dags
[2025-01-16T04:16:48.650+0000] {manager.py:758} INFO - Searching for files in /opt/airflow/dags
[2025-01-16T04:16:48.665+0000] {manager.py:761} INFO - There are 0 files in /opt/airflow/dags
[2025-01-16T04:21:48.946+0000] {manager.py:758} INFO - Searching for files in /opt/airflow/dags
[2025-01-16T04:21:48.957+0000] {manager.py:761} INFO - There are 0 files in /opt/airflow/dags
[2025-01-16T04:26:20.157+0000] {manager.py:470} INFO - Exiting gracefully upon receiving signal 15
[2025-01-16T04:27:54.142+0000] {manager.py:487} INFO - Processing files using up to 2 processes at a time 
[2025-01-16T04:27:54.146+0000] {manager.py:488} INFO - Process each file at most once every 30 seconds
[2025-01-16T04:27:54.147+0000] {manager.py:490} INFO - Checking for new files in /opt/airflow/dags every 300 seconds
[2025-01-16T04:27:54.148+0000] {manager.py:758} INFO - Searching for files in /opt/airflow/dags
[2025-01-16T04:27:54.169+0000] {manager.py:761} INFO - There are 0 files in /opt/airflow/dags
[2025-01-16T04:32:55.017+0000] {manager.py:758} INFO - Searching for files in /opt/airflow/dags
[2025-01-16T04:32:55.033+0000] {manager.py:761} INFO - There are 0 files in /opt/airflow/dags
[2025-01-16T04:37:55.935+0000] {manager.py:758} INFO - Searching for files in /opt/airflow/dags
[2025-01-16T04:37:55.948+0000] {manager.py:761} INFO - There are 0 files in /opt/airflow/dags
[2025-01-16T04:42:56.646+0000] {manager.py:758} INFO - Searching for files in /opt/airflow/dags
[2025-01-16T04:42:56.655+0000] {manager.py:761} INFO - There are 0 files in /opt/airflow/dags
[2025-01-16T04:47:57.653+0000] {manager.py:758} INFO - Searching for files in /opt/airflow/dags
[2025-01-16T04:47:57.659+0000] {manager.py:761} INFO - There are 0 files in /opt/airflow/dags
[2025-01-16T04:52:57.722+0000] {manager.py:758} INFO - Searching for files in /opt/airflow/dags
[2025-01-16T04:52:57.731+0000] {manager.py:761} INFO - There are 0 files in /opt/airflow/dags
[2025-01-16T04:57:57.991+0000] {manager.py:758} INFO - Searching for files in /opt/airflow/dags
[2025-01-16T04:57:57.998+0000] {manager.py:761} INFO - There are 0 files in /opt/airflow/dags
[2025-01-16T05:02:58.524+0000] {manager.py:758} INFO - Searching for files in /opt/airflow/dags
[2025-01-16T05:02:58.536+0000] {manager.py:761} INFO - There are 0 files in /opt/airflow/dags
[2025-01-16T05:07:58.875+0000] {manager.py:758} INFO - Searching for files in /opt/airflow/dags
[2025-01-16T05:07:58.906+0000] {manager.py:761} INFO - There are 0 files in /opt/airflow/dags
[2025-01-16T05:12:59.246+0000] {manager.py:758} INFO - Searching for files in /opt/airflow/dags
[2025-01-16T05:12:59.257+0000] {manager.py:761} INFO - There are 0 files in /opt/airflow/dags
[2025-01-16T05:17:59.291+0000] {manager.py:758} INFO - Searching for files in /opt/airflow/dags
[2025-01-16T05:17:59.296+0000] {manager.py:761} INFO - There are 0 files in /opt/airflow/dags
[2025-01-16T05:22:59.339+0000] {manager.py:758} INFO - Searching for files in /opt/airflow/dags
[2025-01-16T05:22:59.342+0000] {manager.py:761} INFO - There are 0 files in /opt/airflow/dags
[2025-01-16T05:27:59.707+0000] {manager.py:758} INFO - Searching for files in /opt/airflow/dags
[2025-01-16T05:27:59.715+0000] {manager.py:761} INFO - There are 0 files in /opt/airflow/dags
[2025-01-16T05:33:12.292+0000] {manager.py:758} INFO - Searching for files in /opt/airflow/dags
[2025-01-16T05:33:12.302+0000] {manager.py:761} INFO - There are 0 files in /opt/airflow/dags
[2025-01-16T05:49:49.339+0000] {manager.py:758} INFO - Searching for files in /opt/airflow/dags
[2025-01-16T05:49:49.349+0000] {manager.py:761} INFO - There are 0 files in /opt/airflow/dags
[2025-01-16T06:06:11.897+0000] {manager.py:758} INFO - Searching for files in /opt/airflow/dags
[2025-01-16T06:06:11.903+0000] {manager.py:761} INFO - There are 0 files in /opt/airflow/dags
[2025-01-16T06:23:27.962+0000] {manager.py:758} INFO - Searching for files in /opt/airflow/dags
[2025-01-16T06:23:27.965+0000] {manager.py:761} INFO - There are 0 files in /opt/airflow/dags
[2025-01-16T06:32:13.906+0000] {manager.py:758} INFO - Searching for files in /opt/airflow/dags
[2025-01-16T06:32:13.912+0000] {manager.py:761} INFO - There are 0 files in /opt/airflow/dags
[2025-01-16T06:37:14.659+0000] {manager.py:758} INFO - Searching for files in /opt/airflow/dags
[2025-01-16T06:37:14.669+0000] {manager.py:761} INFO - There are 0 files in /opt/airflow/dags
[2025-01-16T06:42:14.867+0000] {manager.py:758} INFO - Searching for files in /opt/airflow/dags
[2025-01-16T06:42:14.881+0000] {manager.py:761} INFO - There are 0 files in /opt/airflow/dags
[2025-01-16T06:47:15.150+0000] {manager.py:758} INFO - Searching for files in /opt/airflow/dags
[2025-01-16T06:47:15.162+0000] {manager.py:761} INFO - There are 0 files in /opt/airflow/dags
[2025-01-16T06:52:15.801+0000] {manager.py:758} INFO - Searching for files in /opt/airflow/dags
[2025-01-16T06:52:15.810+0000] {manager.py:761} INFO - There are 0 files in /opt/airflow/dags
[2025-01-16T06:57:16.472+0000] {manager.py:758} INFO - Searching for files in /opt/airflow/dags
[2025-01-16T06:57:16.478+0000] {manager.py:761} INFO - There are 0 files in /opt/airflow/dags
[2025-01-16T07:02:16.676+0000] {manager.py:758} INFO - Searching for files in /opt/airflow/dags
[2025-01-16T07:02:16.687+0000] {manager.py:761} INFO - There are 0 files in /opt/airflow/dags
[2025-01-16T07:07:17.529+0000] {manager.py:758} INFO - Searching for files in /opt/airflow/dags
[2025-01-16T07:07:17.542+0000] {manager.py:761} INFO - There are 0 files in /opt/airflow/dags
[2025-01-16T07:12:18.096+0000] {manager.py:758} INFO - Searching for files in /opt/airflow/dags
[2025-01-16T07:12:18.107+0000] {manager.py:761} INFO - There are 0 files in /opt/airflow/dags
[2025-01-16T07:20:49.123+0000] {manager.py:758} INFO - Searching for files in /opt/airflow/dags
[2025-01-16T07:20:49.195+0000] {manager.py:761} INFO - There are 0 files in /opt/airflow/dags
[2025-01-16T07:25:49.292+0000] {manager.py:758} INFO - Searching for files in /opt/airflow/dags
[2025-01-16T07:25:49.304+0000] {manager.py:761} INFO - There are 0 files in /opt/airflow/dags
[2025-01-16T07:30:49.484+0000] {manager.py:758} INFO - Searching for files in /opt/airflow/dags
[2025-01-16T07:30:49.500+0000] {manager.py:761} INFO - There are 0 files in /opt/airflow/dags
[2025-01-16T07:35:50.137+0000] {manager.py:758} INFO - Searching for files in /opt/airflow/dags
[2025-01-16T07:35:50.154+0000] {manager.py:761} INFO - There are 0 files in /opt/airflow/dags
[2025-01-16T07:40:50.335+0000] {manager.py:758} INFO - Searching for files in /opt/airflow/dags
[2025-01-16T07:40:50.353+0000] {manager.py:761} INFO - There are 0 files in /opt/airflow/dags
[2025-01-16T07:45:50.923+0000] {manager.py:758} INFO - Searching for files in /opt/airflow/dags
[2025-01-16T07:45:50.934+0000] {manager.py:761} INFO - There are 0 files in /opt/airflow/dags
[2025-01-16T07:50:50.968+0000] {manager.py:758} INFO - Searching for files in /opt/airflow/dags
[2025-01-16T07:50:50.980+0000] {manager.py:761} INFO - There are 0 files in /opt/airflow/dags
[2025-01-16T08:18:22.163+0000] {manager.py:758} INFO - Searching for files in /opt/airflow/dags
[2025-01-16T08:18:22.184+0000] {manager.py:761} INFO - There are 0 files in /opt/airflow/dags
[2025-01-16T08:48:29.973+0000] {manager.py:758} INFO - Searching for files in /opt/airflow/dags
[2025-01-16T08:48:30.281+0000] {manager.py:761} INFO - There are 0 files in /opt/airflow/dags
[2025-01-16T08:53:30.434+0000] {manager.py:758} INFO - Searching for files in /opt/airflow/dags
[2025-01-16T08:53:30.452+0000] {manager.py:761} INFO - There are 0 files in /opt/airflow/dags
[2025-01-16T08:58:30.921+0000] {manager.py:758} INFO - Searching for files in /opt/airflow/dags
[2025-01-16T08:58:30.928+0000] {manager.py:761} INFO - There are 0 files in /opt/airflow/dags
[2025-01-16T09:43:51.365+0000] {manager.py:758} INFO - Searching for files in /opt/airflow/dags
[2025-01-16T09:43:51.370+0000] {manager.py:761} INFO - There are 0 files in /opt/airflow/dags
[2025-01-16T11:02:37.872+0000] {manager.py:758} INFO - Searching for files in /opt/airflow/dags
[2025-01-16T11:02:37.875+0000] {manager.py:761} INFO - There are 0 files in /opt/airflow/dags
[2025-01-16T12:03:44.860+0000] {manager.py:758} INFO - Searching for files in /opt/airflow/dags
[2025-01-16T12:03:44.877+0000] {manager.py:761} INFO - There are 0 files in /opt/airflow/dags
[2025-01-16T13:04:46.034+0000] {manager.py:758} INFO - Searching for files in /opt/airflow/dags
[2025-01-16T13:04:46.040+0000] {manager.py:761} INFO - There are 0 files in /opt/airflow/dags
[2025-01-16T14:05:33.925+0000] {manager.py:758} INFO - Searching for files in /opt/airflow/dags
[2025-01-16T14:05:33.943+0000] {manager.py:761} INFO - There are 0 files in /opt/airflow/dags
[2025-01-16T15:06:37.055+0000] {manager.py:758} INFO - Searching for files in /opt/airflow/dags
[2025-01-16T15:06:37.059+0000] {manager.py:761} INFO - There are 0 files in /opt/airflow/dags
[2025-01-16T16:42:32.387+0000] {manager.py:758} INFO - Searching for files in /opt/airflow/dags
[2025-01-16T16:42:32.399+0000] {manager.py:761} INFO - There are 0 files in /opt/airflow/dags
[2025-01-16T17:43:02.093+0000] {manager.py:758} INFO - Searching for files in /opt/airflow/dags
[2025-01-16T17:43:02.096+0000] {manager.py:761} INFO - There are 0 files in /opt/airflow/dags
[2025-01-16T19:07:02.060+0000] {manager.py:758} INFO - Searching for files in /opt/airflow/dags
[2025-01-16T19:07:02.068+0000] {manager.py:761} INFO - There are 0 files in /opt/airflow/dags
[2025-01-16T20:47:24.039+0000] {manager.py:758} INFO - Searching for files in /opt/airflow/dags
[2025-01-16T20:47:24.042+0000] {manager.py:761} INFO - There are 0 files in /opt/airflow/dags
[2025-01-16T21:49:22.483+0000] {manager.py:758} INFO - Searching for files in /opt/airflow/dags
[2025-01-16T21:49:22.495+0000] {manager.py:761} INFO - There are 0 files in /opt/airflow/dags
[2025-01-16T23:00:14.149+0000] {manager.py:758} INFO - Searching for files in /opt/airflow/dags
[2025-01-16T23:00:14.153+0000] {manager.py:761} INFO - There are 0 files in /opt/airflow/dags
[2025-01-17T00:19:01.453+0000] {manager.py:758} INFO - Searching for files in /opt/airflow/dags
[2025-01-17T00:19:01.473+0000] {manager.py:761} INFO - There are 0 files in /opt/airflow/dags
[2025-01-17T01:15:11.861+0000] {manager.py:758} INFO - Searching for files in /opt/airflow/dags
[2025-01-17T01:15:11.870+0000] {manager.py:761} INFO - There are 0 files in /opt/airflow/dags
[2025-01-17T02:21:10.481+0000] {manager.py:758} INFO - Searching for files in /opt/airflow/dags
[2025-01-17T02:21:10.486+0000] {manager.py:761} INFO - There are 0 files in /opt/airflow/dags
[2025-01-17T03:49:00.765+0000] {manager.py:758} INFO - Searching for files in /opt/airflow/dags
[2025-01-17T03:49:00.769+0000] {manager.py:761} INFO - There are 0 files in /opt/airflow/dags
[2025-01-17T04:37:07.442+0000] {manager.py:758} INFO - Searching for files in /opt/airflow/dags
[2025-01-17T04:37:07.608+0000] {manager.py:761} INFO - There are 0 files in /opt/airflow/dags
[2025-01-17T05:00:22.881+0000] {manager.py:758} INFO - Searching for files in /opt/airflow/dags
[2025-01-17T05:00:24.602+0000] {manager.py:761} INFO - There are 0 files in /opt/airflow/dags
[2025-01-17T05:05:23.313+0000] {manager.py:758} INFO - Searching for files in /opt/airflow/dags
[2025-01-17T05:05:23.337+0000] {manager.py:761} INFO - There are 0 files in /opt/airflow/dags
[2025-01-17T05:10:23.962+0000] {manager.py:758} INFO - Searching for files in /opt/airflow/dags
[2025-01-17T05:10:23.974+0000] {manager.py:761} INFO - There are 0 files in /opt/airflow/dags
[2025-01-17T05:12:03.054+0000] {manager.py:470} INFO - Exiting gracefully upon receiving signal 15
[2025-01-20T03:56:03.937+0000] {manager.py:487} INFO - Processing files using up to 2 processes at a time 
[2025-01-20T03:56:03.944+0000] {manager.py:488} INFO - Process each file at most once every 30 seconds
[2025-01-20T03:56:03.948+0000] {manager.py:490} INFO - Checking for new files in /opt/airflow/dags every 300 seconds
[2025-01-20T03:56:03.948+0000] {manager.py:758} INFO - Searching for files in /opt/airflow/dags
[2025-01-20T03:56:03.960+0000] {manager.py:761} INFO - There are 0 files in /opt/airflow/dags
[2025-01-20T04:01:04.739+0000] {manager.py:758} INFO - Searching for files in /opt/airflow/dags
[2025-01-20T04:01:04.751+0000] {manager.py:761} INFO - There are 0 files in /opt/airflow/dags
[2025-01-20T04:06:04.824+0000] {manager.py:758} INFO - Searching for files in /opt/airflow/dags
[2025-01-20T04:06:04.832+0000] {manager.py:761} INFO - There are 0 files in /opt/airflow/dags
[2025-01-20T04:11:05.678+0000] {manager.py:758} INFO - Searching for files in /opt/airflow/dags
[2025-01-20T04:11:05.683+0000] {manager.py:761} INFO - There are 0 files in /opt/airflow/dags
[2025-01-20T04:16:06.543+0000] {manager.py:758} INFO - Searching for files in /opt/airflow/dags
[2025-01-20T04:16:06.551+0000] {manager.py:761} INFO - There are 0 files in /opt/airflow/dags
[2025-01-20T04:21:07.426+0000] {manager.py:758} INFO - Searching for files in /opt/airflow/dags
[2025-01-20T04:21:07.433+0000] {manager.py:761} INFO - There are 0 files in /opt/airflow/dags
[2025-01-20T04:26:08.246+0000] {manager.py:758} INFO - Searching for files in /opt/airflow/dags
[2025-01-20T04:26:08.254+0000] {manager.py:761} INFO - There are 0 files in /opt/airflow/dags
[2025-01-20T04:31:09.029+0000] {manager.py:758} INFO - Searching for files in /opt/airflow/dags
[2025-01-20T04:31:09.036+0000] {manager.py:761} INFO - There are 0 files in /opt/airflow/dags
[2025-01-20T04:36:09.778+0000] {manager.py:758} INFO - Searching for files in /opt/airflow/dags
[2025-01-20T04:36:09.784+0000] {manager.py:761} INFO - There are 0 files in /opt/airflow/dags
[2025-01-20T04:41:10.445+0000] {manager.py:758} INFO - Searching for files in /opt/airflow/dags
[2025-01-20T04:41:10.451+0000] {manager.py:761} INFO - There are 0 files in /opt/airflow/dags
[2025-01-20T04:46:11.122+0000] {manager.py:758} INFO - Searching for files in /opt/airflow/dags
[2025-01-20T04:46:11.129+0000] {manager.py:761} INFO - There are 0 files in /opt/airflow/dags
[2025-01-20T04:51:11.614+0000] {manager.py:758} INFO - Searching for files in /opt/airflow/dags
[2025-01-20T04:51:11.620+0000] {manager.py:761} INFO - There are 0 files in /opt/airflow/dags
[2025-01-20T04:56:12.247+0000] {manager.py:758} INFO - Searching for files in /opt/airflow/dags
[2025-01-20T04:56:12.255+0000] {manager.py:761} INFO - There are 0 files in /opt/airflow/dags
[2025-01-20T05:01:12.875+0000] {manager.py:758} INFO - Searching for files in /opt/airflow/dags
[2025-01-20T05:01:12.881+0000] {manager.py:761} INFO - There are 0 files in /opt/airflow/dags
[2025-01-20T05:06:13.637+0000] {manager.py:758} INFO - Searching for files in /opt/airflow/dags
[2025-01-20T05:06:13.645+0000] {manager.py:761} INFO - There are 0 files in /opt/airflow/dags
[2025-01-20T05:26:57.830+0000] {manager.py:758} INFO - Searching for files in /opt/airflow/dags
[2025-01-20T05:26:57.845+0000] {manager.py:761} INFO - There are 0 files in /opt/airflow/dags
[2025-01-20T06:40:59.392+0000] {manager.py:758} INFO - Searching for files in /opt/airflow/dags
[2025-01-20T06:40:59.398+0000] {manager.py:761} INFO - There are 0 files in /opt/airflow/dags
[2025-01-20T07:45:55.892+0000] {manager.py:758} INFO - Searching for files in /opt/airflow/dags
[2025-01-20T07:45:55.929+0000] {manager.py:761} INFO - There are 0 files in /opt/airflow/dags
[2025-01-20T09:13:01.255+0000] {manager.py:758} INFO - Searching for files in /opt/airflow/dags
[2025-01-20T09:13:01.280+0000] {manager.py:761} INFO - There are 0 files in /opt/airflow/dags
[2025-01-20T10:14:01.848+0000] {manager.py:758} INFO - Searching for files in /opt/airflow/dags
[2025-01-20T10:14:01.860+0000] {manager.py:761} INFO - There are 0 files in /opt/airflow/dags
[2025-01-20T11:11:09.062+0000] {manager.py:758} INFO - Searching for files in /opt/airflow/dags
[2025-01-20T11:11:09.077+0000] {manager.py:761} INFO - There are 0 files in /opt/airflow/dags
[2025-01-20T12:04:41.521+0000] {manager.py:758} INFO - Searching for files in /opt/airflow/dags
[2025-01-20T12:04:41.542+0000] {manager.py:761} INFO - There are 0 files in /opt/airflow/dags
[2025-01-20T12:39:42.153+0000] {manager.py:758} INFO - Searching for files in /opt/airflow/dags
[2025-01-20T12:39:42.155+0000] {manager.py:761} INFO - There are 0 files in /opt/airflow/dags
[2025-01-20T13:51:53.570+0000] {manager.py:758} INFO - Searching for files in /opt/airflow/dags
[2025-01-20T13:51:53.584+0000] {manager.py:761} INFO - There are 0 files in /opt/airflow/dags
[2025-01-20T15:19:03.388+0000] {manager.py:758} INFO - Searching for files in /opt/airflow/dags
[2025-01-20T15:19:03.392+0000] {manager.py:761} INFO - There are 0 files in /opt/airflow/dags
[2025-01-20T16:37:04.234+0000] {manager.py:758} INFO - Searching for files in /opt/airflow/dags
[2025-01-20T16:37:04.253+0000] {manager.py:761} INFO - There are 0 files in /opt/airflow/dags
[2025-01-20T18:15:06.611+0000] {manager.py:758} INFO - Searching for files in /opt/airflow/dags
[2025-01-20T18:15:06.641+0000] {manager.py:761} INFO - There are 0 files in /opt/airflow/dags
[2025-01-20T19:39:16.632+0000] {manager.py:758} INFO - Searching for files in /opt/airflow/dags
[2025-01-20T19:39:16.635+0000] {manager.py:761} INFO - There are 0 files in /opt/airflow/dags
[2025-01-20T21:09:21.125+0000] {manager.py:758} INFO - Searching for files in /opt/airflow/dags
[2025-01-20T21:09:21.128+0000] {manager.py:761} INFO - There are 0 files in /opt/airflow/dags
[2025-01-20T22:34:13.328+0000] {manager.py:758} INFO - Searching for files in /opt/airflow/dags
[2025-01-20T22:34:13.331+0000] {manager.py:761} INFO - There are 0 files in /opt/airflow/dags
[2025-01-20T23:56:50.170+0000] {manager.py:758} INFO - Searching for files in /opt/airflow/dags
[2025-01-20T23:56:50.173+0000] {manager.py:761} INFO - There are 0 files in /opt/airflow/dags
[2025-01-21T01:01:49.754+0000] {manager.py:758} INFO - Searching for files in /opt/airflow/dags
[2025-01-21T01:01:49.772+0000] {manager.py:761} INFO - There are 0 files in /opt/airflow/dags
[2025-01-21T02:07:33.878+0000] {manager.py:758} INFO - Searching for files in /opt/airflow/dags
[2025-01-21T02:07:33.886+0000] {manager.py:761} INFO - There are 0 files in /opt/airflow/dags
[2025-01-21T03:32:46.150+0000] {manager.py:758} INFO - Searching for files in /opt/airflow/dags
[2025-01-21T03:32:46.157+0000] {manager.py:761} INFO - There are 0 files in /opt/airflow/dags
[2025-01-21T04:49:03.744+0000] {manager.py:758} INFO - Searching for files in /opt/airflow/dags
[2025-01-21T04:49:03.757+0000] {manager.py:761} INFO - There are 0 files in /opt/airflow/dags
[2025-01-21T05:32:55.307+0000] {manager.py:758} INFO - Searching for files in /opt/airflow/dags
[2025-01-21T05:32:55.310+0000] {manager.py:761} INFO - There are 0 files in /opt/airflow/dags
[2025-01-21T06:35:27.336+0000] {manager.py:758} INFO - Searching for files in /opt/airflow/dags
[2025-01-21T06:35:27.340+0000] {manager.py:761} INFO - There are 0 files in /opt/airflow/dags
[2025-01-21T07:19:20.507+0000] {manager.py:758} INFO - Searching for files in /opt/airflow/dags
[2025-01-21T07:19:20.509+0000] {manager.py:761} INFO - There are 0 files in /opt/airflow/dags
[2025-01-21T08:33:10.375+0000] {manager.py:758} INFO - Searching for files in /opt/airflow/dags
[2025-01-21T08:33:10.383+0000] {manager.py:761} INFO - There are 0 files in /opt/airflow/dags
[2025-01-21T08:51:42.775+0000] {manager.py:758} INFO - Searching for files in /opt/airflow/dags
[2025-01-21T08:51:42.783+0000] {manager.py:761} INFO - There are 0 files in /opt/airflow/dags
[2025-01-21T10:38:07.067+0000] {manager.py:758} INFO - Searching for files in /opt/airflow/dags
[2025-01-21T10:38:07.072+0000] {manager.py:761} INFO - There are 0 files in /opt/airflow/dags
[2025-01-21T11:57:37.966+0000] {manager.py:758} INFO - Searching for files in /opt/airflow/dags
[2025-01-21T11:57:37.977+0000] {manager.py:761} INFO - There are 0 files in /opt/airflow/dags
[2025-01-21T13:19:53.973+0000] {manager.py:758} INFO - Searching for files in /opt/airflow/dags
[2025-01-21T13:19:53.978+0000] {manager.py:761} INFO - There are 0 files in /opt/airflow/dags
[2025-01-21T14:26:19.840+0000] {manager.py:758} INFO - Searching for files in /opt/airflow/dags
[2025-01-21T14:26:19.841+0000] {manager.py:761} INFO - There are 0 files in /opt/airflow/dags
[2025-01-21T15:43:12.872+0000] {manager.py:758} INFO - Searching for files in /opt/airflow/dags
[2025-01-21T15:43:12.886+0000] {manager.py:761} INFO - There are 0 files in /opt/airflow/dags
[2025-01-21T17:22:57.266+0000] {manager.py:758} INFO - Searching for files in /opt/airflow/dags
[2025-01-21T17:22:57.269+0000] {manager.py:761} INFO - There are 0 files in /opt/airflow/dags
[2025-01-21T18:45:00.038+0000] {manager.py:758} INFO - Searching for files in /opt/airflow/dags
[2025-01-21T18:45:00.043+0000] {manager.py:761} INFO - There are 0 files in /opt/airflow/dags
[2025-01-21T20:24:24.904+0000] {manager.py:758} INFO - Searching for files in /opt/airflow/dags
[2025-01-21T20:24:24.924+0000] {manager.py:761} INFO - There are 0 files in /opt/airflow/dags
[2025-01-21T21:51:38.092+0000] {manager.py:758} INFO - Searching for files in /opt/airflow/dags
[2025-01-21T21:51:38.098+0000] {manager.py:761} INFO - There are 0 files in /opt/airflow/dags
[2025-01-21T23:29:55.518+0000] {manager.py:758} INFO - Searching for files in /opt/airflow/dags
[2025-01-21T23:29:55.520+0000] {manager.py:761} INFO - There are 0 files in /opt/airflow/dags
[2025-01-22T00:44:57.927+0000] {manager.py:758} INFO - Searching for files in /opt/airflow/dags
[2025-01-22T00:44:57.931+0000] {manager.py:761} INFO - There are 0 files in /opt/airflow/dags
[2025-01-22T01:08:57.523+0000] {manager.py:758} INFO - Searching for files in /opt/airflow/dags
[2025-01-22T01:08:57.537+0000] {manager.py:761} INFO - There are 0 files in /opt/airflow/dags
[2025-01-22T01:13:58.141+0000] {manager.py:758} INFO - Searching for files in /opt/airflow/dags
[2025-01-22T01:13:58.155+0000] {manager.py:761} INFO - There are 0 files in /opt/airflow/dags
[2025-01-22T01:38:01.856+0000] {manager.py:758} INFO - Searching for files in /opt/airflow/dags
[2025-01-22T01:38:01.861+0000] {manager.py:761} INFO - There are 0 files in /opt/airflow/dags
[2025-01-22T01:38:45.152+0000] {manager.py:470} INFO - Exiting gracefully upon receiving signal 15
[2025-05-19T12:24:54.063+0000] {manager.py:487} INFO - Processing files using up to 2 processes at a time 
[2025-05-19T12:24:54.070+0000] {manager.py:488} INFO - Process each file at most once every 30 seconds
[2025-05-19T12:24:54.075+0000] {manager.py:490} INFO - Checking for new files in /opt/airflow/dags every 300 seconds
[2025-05-19T12:24:54.078+0000] {manager.py:758} INFO - Searching for files in /opt/airflow/dags
[2025-05-19T12:24:54.114+0000] {manager.py:761} INFO - There are 0 files in /opt/airflow/dags
[2025-05-19T12:29:54.671+0000] {manager.py:758} INFO - Searching for files in /opt/airflow/dags
[2025-05-19T12:29:54.719+0000] {manager.py:761} INFO - There are 0 files in /opt/airflow/dags
[2025-05-19T12:34:55.294+0000] {manager.py:758} INFO - Searching for files in /opt/airflow/dags
[2025-05-19T12:34:55.324+0000] {manager.py:761} INFO - There are 0 files in /opt/airflow/dags
[2025-05-19T12:39:56.096+0000] {manager.py:758} INFO - Searching for files in /opt/airflow/dags
[2025-05-19T12:39:56.110+0000] {manager.py:761} INFO - There are 0 files in /opt/airflow/dags
[2025-05-19T12:44:56.747+0000] {manager.py:758} INFO - Searching for files in /opt/airflow/dags
[2025-05-19T12:44:56.774+0000] {manager.py:761} INFO - There are 0 files in /opt/airflow/dags
[2025-05-19T12:49:57.417+0000] {manager.py:758} INFO - Searching for files in /opt/airflow/dags
[2025-05-19T12:49:57.425+0000] {manager.py:761} INFO - There are 0 files in /opt/airflow/dags
[2025-05-19T12:54:58.121+0000] {manager.py:758} INFO - Searching for files in /opt/airflow/dags
[2025-05-19T12:54:58.132+0000] {manager.py:761} INFO - There are 0 files in /opt/airflow/dags
[2025-05-19T12:59:58.438+0000] {manager.py:758} INFO - Searching for files in /opt/airflow/dags
[2025-05-19T12:59:58.453+0000] {manager.py:761} INFO - There are 0 files in /opt/airflow/dags
[2025-05-19T13:04:59.328+0000] {manager.py:758} INFO - Searching for files in /opt/airflow/dags
[2025-05-19T13:04:59.343+0000] {manager.py:761} INFO - There are 0 files in /opt/airflow/dags
[2025-05-19T13:09:59.579+0000] {manager.py:758} INFO - Searching for files in /opt/airflow/dags
[2025-05-19T13:09:59.591+0000] {manager.py:761} INFO - There are 0 files in /opt/airflow/dags
[2025-05-19T13:15:00.141+0000] {manager.py:758} INFO - Searching for files in /opt/airflow/dags
[2025-05-19T13:15:00.160+0000] {manager.py:761} INFO - There are 0 files in /opt/airflow/dags
[2025-05-19T13:20:00.682+0000] {manager.py:758} INFO - Searching for files in /opt/airflow/dags
[2025-05-19T13:20:00.693+0000] {manager.py:761} INFO - There are 0 files in /opt/airflow/dags
[2025-05-19T13:25:01.171+0000] {manager.py:758} INFO - Searching for files in /opt/airflow/dags
[2025-05-19T13:25:01.183+0000] {manager.py:761} INFO - There are 0 files in /opt/airflow/dags
[2025-05-19T13:30:01.561+0000] {manager.py:758} INFO - Searching for files in /opt/airflow/dags
[2025-05-19T13:30:01.574+0000] {manager.py:761} INFO - There are 0 files in /opt/airflow/dags
[2025-05-19T13:35:01.972+0000] {manager.py:758} INFO - Searching for files in /opt/airflow/dags
[2025-05-19T13:35:01.979+0000] {manager.py:761} INFO - There are 0 files in /opt/airflow/dags
[2025-05-19T13:39:40.475+0000] {manager.py:470} INFO - Exiting gracefully upon receiving signal 15
